state	min	max	median	shifts	jumps	jumpvar	SE	root	lnL	lnLp	qlnL.p	qlnL.h
100	0.640	146.269	1.165	3	0	0.000	1.132	3.585	-248.24	-1124.79	0.01	0.00
200	0.810	297.771	0.810	3	0	0.000	1.387	7.108	-239.22	-1124.90	0.00	-3.17
300	0.446	354.598	0.446	5	0	0.000	1.317	6.307	-231.69	-1128.69	0.00	0.00
400	0.297	585.549	0.297	7	0	0.000	1.317	6.514	-225.37	-1133.81	0.00	0.00
500	0.265	637.718	0.265	7	0	0.000	1.711	4.981	-216.84	-1134.00	-1.09	0.00
600	0.197	560.599	0.197	7	0	0.000	1.662	3.809	-216.06	-1133.86	0.00	-4.75
700	0.329	348.446	0.329	6	0	0.000	1.609	3.479	-224.37	-1131.02	0.00	-4.24
800	0.243	382.991	0.243	7	1	48.867	1.609	4.758	-221.95	-1134.52	-0.03	-0.69
900	0.077	49.480	0.077	6	1	48.461	1.668	4.776	-218.88	-1132.18	1.09	0.00
1000	0.142	29.946	0.142	5	3	42.648	2.112	4.651	-218.89	-1130.88	0.00	0.00
1100	0.240	28.056	0.240	5	0	0.000	2.112	4.430	-222.70	-1128.54	0.00	0.00
1200	0.138	47.129	0.138	5	0	0.000	2.562	2.749	-216.20	-1128.73	0.00	0.00
1300	0.076	38.341	0.076	5	0	0.000	2.414	2.056	-215.38	-1128.62	0.00	-5.77
1400	0.044	32.067	0.044	5	0	0.000	2.285	2.449	-217.49	-1128.57	0.00	-6.07
1500	0.230	35.783	0.230	4	1	33.489	1.950	3.020	-224.99	-1127.85	0.00	0.00
1600	0.048	46.649	0.048	4	0	0.000	2.041	2.350	-215.12	-1126.76	0.22	0.00
1700	0.025	129.996	0.025	5	0	0.000	1.881	2.350	-205.43	-1129.74	0.52	0.69
1800	0.028	268.464	0.028	5	2	33.471	1.549	2.350	-194.28	-1133.10	-0.07	0.00
1900	0.033	68.153	0.033	5	0	0.000	2.117	2.350	-202.49	-1128.96	0.00	-6.52
2000	0.088	51.704	0.088	4	0	0.000	2.511	2.192	-213.81	-1126.81	-0.00	0.00
2100	0.005	77.136	0.005	4	1	49.462	1.965	2.016	-204.96	-1128.25	0.00	-6.26
2200	0.008	153.789	0.008	4	1	48.970	1.886	1.490	-196.23	-1129.12	-0.74	0.00
2300	0.029	89.836	0.029	4	1	48.589	2.309	1.722	-199.22	-1128.39	0.00	-6.69
2400	0.022	79.231	0.022	4	1	58.846	1.746	0.978	-199.52	-1128.27	0.00	-6.95
2500	0.072	64.186	0.072	4	2	39.898	1.841	0.761	-198.64	-1128.81	0.00	-5.72
2600	0.072	36.650	0.072	4	2	39.667	1.841	0.761	-199.90	-1128.48	-0.02	-0.69
2700	0.014	40.910	0.014	4	1	41.563	2.307	1.113	-200.86	-1127.80	0.00	0.00
2800	0.030	57.897	0.030	4	1	41.218	1.926	1.113	-197.73	-1128.01	-0.05	0.00
2900	0.011	52.009	0.011	4	2	32.745	1.926	1.793	-196.57	-1128.64	0.00	0.00
3000	0.011	39.006	0.011	4	4	34.388	1.901	1.793	-201.19	-1129.28	-0.02	-0.69
3100	0.003	67.698	0.003	4	4	34.214	2.102	2.056	-197.47	-1129.58	-0.32	0.00
3200	0.004	98.175	0.004	4	3	33.276	2.096	2.056	-195.72	-1129.62	-0.06	-0.69
3300	0.014	156.872	0.014	4	4	29.967	2.096	1.531	-194.05	-1129.99	0.00	-7.29
3400	0.024	118.762	0.024	4	2	43.892	2.096	1.532	-192.87	-1128.93	0.00	-0.01
3500	0.026	121.431	0.026	4	2	62.674	1.727	2.041	-193.04	-1129.01	-0.00	0.10
3600	0.012	115.820	0.012	4	2	62.397	2.054	1.601	-192.81	-1129.01	0.00	0.00
3700	0.038	176.679	0.038	4	3	63.571	1.730	0.813	-194.33	-1129.88	0.47	0.00
3800	0.017	215.854	0.017	4	2	53.278	1.730	0.940	-193.23	-1129.67	-0.46	0.00
3900	0.030	122.774	0.030	4	2	82.306	1.811	0.920	-194.04	-1129.07	-0.07	-0.69
4000	0.020	86.145	0.020	4	3	82.471	1.930	0.757	-193.41	-1129.33	0.00	0.00
4100	0.006	98.273	0.006	4	3	79.618	1.966	0.757	-193.82	-1129.37	0.00	0.00
4200	0.016	135.338	0.016	4	3	88.234	1.966	1.405	-191.22	-1129.69	0.00	-7.21
4300	0.013	73.407	0.013	4	3	88.113	1.966	0.953	-192.98	-1129.25	0.00	0.00
4400	0.034	118.338	0.034	4	4	61.498	1.609	0.953	-186.74	-1129.81	0.00	-6.45
4500	0.040	113.714	0.040	4	5	54.537	1.609	1.162	-191.08	-1130.07	-0.03	0.00
4600	0.020	74.813	0.020	4	5	41.223	1.609	1.744	-189.89	-1129.63	-0.04	-0.69
4700	0.015	101.021	0.015	4	6	44.479	1.418	2.405	-189.54	-1130.10	0.00	0.00
4800	0.047	109.591	0.047	4	5	23.692	1.112	2.405	-186.47	-1129.79	-0.06	-0.69
4900	0.040	115.100	0.040	4	6	23.270	1.464	1.669	-184.17	-1130.06	0.00	0.00
5000	0.022	111.864	0.022	4	9	28.281	1.286	1.248	-186.65	-1130.58	-0.02	0.00
5100	0.068	119.862	0.068	5	6	19.866	1.286	0.896	-185.95	-1132.08	0.48	0.69
5200	0.066	93.474	0.066	5	8	31.376	1.024	0.811	-180.36	-1132.30	-0.37	-0.69
5300	0.002	120.306	0.023	6	11	31.861	1.024	0.811	-176.45	-1135.04	-0.00	0.00
5400	0.002	128.023	0.026	6	9	37.222	1.024	0.922	-173.82	-1134.88	0.00	0.00
5500	0.001	114.856	0.044	6	8	34.322	0.974	0.922	-174.69	-1134.60	0.17	0.00
5600	0.001	166.972	0.018	6	8	29.940	1.307	1.186	-172.57	-1135.00	0.00	0.00
5700	0.002	274.682	0.027	6	9	43.942	1.183	1.850	-171.42	-1136.02	0.00	0.00
5800	0.001	255.713	0.010	6	7	44.658	1.183	1.862	-177.07	-1135.62	0.00	-7.97
5900	0.001	225.875	0.052	5	8	32.539	0.972	1.862	-177.34	-1133.22	-0.15	0.00
6000	0.106	309.489	0.106	5	9	32.565	1.072	1.488	-185.42	-1133.97	-0.28	0.14
6100	0.022	261.363	0.022	5	9	35.335	1.072	1.227	-184.83	-1133.69	0.00	0.00
6200	0.011	260.501	0.011	4	11	25.659	1.349	0.396	-187.74	-1131.81	-0.12	0.00
6300	0.033	336.641	0.033	4	9	21.753	1.497	0.457	-187.01	-1132.07	-0.05	-0.69
6400	0.094	279.539	0.094	4	4	23.413	1.324	0.234	-191.18	-1130.81	0.25	0.00
6500	0.117	305.766	0.117	4	4	25.680	2.091	0.435	-198.41	-1131.03	0.00	-5.17
6600	0.013	233.073	0.013	4	3	17.982	2.023	0.469	-192.98	-1130.08	0.42	0.00
6700	0.051	284.561	0.051	4	5	17.555	2.023	0.820	-198.84	-1130.99	0.00	-5.98
6800	0.030	348.435	0.030	4	4	24.472	2.120	0.886	-195.66	-1131.28	-1.39	-0.69
6900	0.030	446.235	0.030	4	4	24.855	1.686	0.736	-195.11	-1130.22	-0.25	0.00
7000	0.046	270.253	0.046	4	3	21.186	1.686	1.094	-193.82	-1128.75	0.31	0.00
7100	0.004	590.376	0.004	4	6	16.326	2.453	0.722	-194.10	-1129.80	0.00	0.00
7200	0.001	439.735	0.001	4	6	19.172	2.453	0.619	-193.69	-1129.69	0.00	0.00
7300	0.027	547.502	0.027	4	6	10.854	2.033	0.261	-192.75	-1129.71	0.00	0.00
7400	0.009	557.072	0.009	4	12	12.456	2.033	0.261	-193.33	-1130.56	-0.07	0.00
7500	0.011	477.041	0.011	4	7	23.686	2.033	0.261	-193.54	-1129.95	-0.10	-0.69
7600	0.022	366.921	0.022	4	4	19.264	2.353	0.371	-192.43	-1129.16	-0.00	0.00
7700	0.020	347.368	0.020	4	6	28.609	2.120	1.134	-190.96	-1129.69	-0.18	0.00
7800	0.025	361.382	0.025	4	6	41.119	2.232	0.911	-193.93	-1129.79	-0.20	0.00
7900	0.020	427.731	0.020	4	6	40.777	1.920	0.640	-188.29	-1129.84	-0.04	-0.69
8000	0.019	424.020	0.019	4	5	43.519	1.790	0.664	-194.40	-1129.58	0.00	0.00
8100	0.020	456.064	0.020	4	9	54.837	1.891	0.664	-193.59	-1130.58	0.17	0.00
8200	0.014	310.145	0.014	4	9	69.413	1.891	0.664	-188.08	-1130.50	0.00	-7.24
8300	0.008	310.145	0.008	4	8	59.029	1.987	1.005	-185.78	-1130.19	0.19	0.00
8400	0.002	130.667	0.002	4	9	62.007	1.750	1.005	-184.71	-1130.45	-0.01	0.00
8500	0.024	296.061	0.024	4	9	62.985	1.788	1.342	-185.94	-1130.98	0.00	0.00
8600	0.020	251.954	0.020	4	10	62.878	1.662	1.935	-187.18	-1130.52	-0.16	0.00
8700	0.006	519.757	0.006	4	11	32.532	1.900	1.887	-189.66	-1130.59	-1.04	-0.69
8800	0.010	381.307	0.010	4	7	33.500	1.724	1.643	-178.77	-1129.86	-0.00	0.00
8900	0.046	295.380	0.046	4	6	49.363	1.969	1.350	-182.71	-1129.70	0.00	0.00
9000	0.025	255.420	0.025	4	6	79.410	1.792	1.456	-184.83	-1129.86	-0.00	0.33
9100	0.013	190.896	0.013	4	6	44.474	1.827	1.760	-184.93	-1129.54	-0.00	0.00
9200	0.038	116.278	0.038	4	7	41.182	1.827	1.155	-188.85	-1129.65	-0.00	0.45
9300	0.029	61.003	0.029	4	5	55.672	1.789	1.456	-186.67	-1129.37	-0.04	0.00
9400	0.006	68.117	0.006	4	6	61.228	1.953	1.856	-188.27	-1129.54	0.00	0.00
9500	0.002	38.813	0.002	4	5	86.315	1.741	1.856	-184.94	-1129.50	0.00	0.00
9600	0.020	34.645	0.020	4	6	120.052	1.459	1.856	-183.07	-1130.01	0.00	0.00
9700	0.012	39.505	0.012	4	8	165.545	1.393	1.518	-183.38	-1130.86	0.00	-7.71
9800	0.002	43.239	0.002	4	8	137.654	1.393	1.462	-183.28	-1130.71	-0.01	0.00
9900	0.001	24.661	0.001	4	9	52.758	1.329	1.462	-184.78	-1130.07	0.00	-10.35
10000	0.002	39.122	0.002	4	8	45.575	1.329	1.071	-179.74	-1129.88	0.18	0.00
10100	0.008	87.983	0.008	4	8	38.158	1.425	1.076	-182.34	-1129.98	-0.35	-0.69
10200	0.012	95.280	0.012	4	7	23.905	1.310	1.137	-179.97	-1129.71	-0.09	0.00
10300	0.014	95.280	0.014	4	8	24.465	1.630	1.418	-185.99	-1129.68	0.00	0.00
10400	0.021	127.525	0.021	4	8	23.821	1.364	1.418	-187.02	-1129.96	0.00	0.00
10500	0.016	63.507	0.016	4	8	49.503	1.388	0.928	-183.18	-1129.96	0.00	0.00
10600	0.037	56.686	0.037	4	12	49.596	1.134	0.928	-186.01	-1130.57	0.00	-6.72
10700	0.016	26.158	0.016	4	6	61.176	1.341	0.935	-182.95	-1129.54	0.00	0.69
10800	0.018	62.264	0.018	4	6	96.505	1.457	0.934	-181.70	-1129.79	0.12	0.69
10900	0.038	40.028	0.038	4	7	48.925	0.995	0.750	-184.34	-1129.72	-0.18	0.00
11000	0.047	55.089	0.047	4	9	52.301	0.995	0.727	-182.20	-1130.15	0.00	0.00
11100	0.037	58.376	0.037	4	8	35.144	0.995	0.512	-181.80	-1130.07	0.00	0.00
11200	0.065	75.237	0.065	3	9	34.955	0.995	0.702	-186.27	-1128.61	0.00	0.00
11300	0.018	46.820	0.018	3	8	29.817	0.995	0.948	-178.50	-1127.99	0.00	-7.22
11400	0.019	72.706	0.019	3	7	45.583	1.265	1.160	-179.81	-1128.02	0.20	0.00
11500	0.041	51.712	0.041	3	7	33.196	1.667	2.396	-182.25	-1127.86	0.19	0.00
11600	0.016	45.444	0.016	3	7	62.637	1.891	2.396	-182.38	-1127.97	0.00	0.00
11700	0.054	66.440	0.054	3	8	62.955	1.325	2.010	-181.02	-1128.34	0.00	0.00
11800	0.042	30.418	0.042	3	9	29.037	1.401	2.103	-184.86	-1128.07	0.15	0.00
11900	0.045	16.266	0.045	3	8	30.090	1.352	2.103	-182.67	-1127.88	0.00	-6.08
12000	0.037	18.861	0.037	4	9	39.462	1.204	1.648	-177.75	-1129.89	0.16	0.00
12100	0.040	18.922	0.040	4	8	63.887	1.459	2.409	-181.15	-1129.95	-0.00	0.00
12200	0.029	18.343	0.029	4	9	55.163	1.118	2.602	-185.25	-1130.05	-0.00	-0.69
12300	0.035	25.551	0.035	4	8	89.647	1.405	2.530	-182.03	-1130.30	0.00	0.00
12400	0.050	22.135	0.050	4	7	72.766	1.405	2.562	-181.98	-1129.92	-0.00	0.34
12500	0.060	18.895	0.060	3	6	47.531	1.268	2.261	-183.95	-1127.75	0.23	0.00
12600	0.008	17.284	0.008	3	7	70.157	1.623	2.309	-186.17	-1128.11	0.00	0.00
12700	0.021	24.958	0.021	3	7	84.501	1.343	1.450	-182.55	-1128.29	0.18	0.00
12800	0.015	54.166	0.015	3	8	95.030	1.309	1.362	-186.49	-1129.05	-0.05	-0.69
12900	0.017	54.166	0.017	3	8	70.453	1.401	2.291	-182.93	-1128.82	-0.06	0.00
13000	0.027	44.911	0.027	3	8	70.414	1.401	1.924	-180.10	-1128.70	-0.19	0.00
13100	0.008	25.478	0.008	3	10	136.626	1.401	1.924	-184.36	-1129.57	0.00	0.00
13200	0.008	45.871	0.008	3	10	63.801	1.134	1.826	-183.53	-1129.02	0.00	0.00
13300	0.033	32.802	0.033	3	10	62.994	1.134	1.491	-176.78	-1128.85	0.00	0.00
13400	0.029	8.903	0.029	3	10	41.881	1.065	1.848	-178.84	-1128.34	0.00	0.00
13500	0.022	8.942	0.022	3	10	55.379	1.358	1.525	-180.23	-1128.51	0.00	-6.93
13600	0.012	13.275	0.012	4	11	63.085	1.011	1.520	-178.54	-1130.42	0.00	-6.05
13700	0.036	28.221	0.036	4	10	64.081	1.011	1.520	-175.88	-1130.35	-0.00	0.00
13800	0.025	20.603	0.025	4	12	37.602	1.011	1.918	-176.39	-1130.31	0.00	0.00
13900	0.027	49.843	0.027	4	13	56.680	0.996	2.059	-172.18	-1130.83	-0.13	0.00
14000	0.033	54.057	0.033	4	12	57.038	0.759	1.757	-167.65	-1130.55	-0.14	0.00
14100	0.024	45.835	0.024	4	14	41.689	1.115	2.053	-169.94	-1130.58	0.00	-6.74
14200	0.020	25.508	0.020	4	14	78.654	0.866	1.752	-170.91	-1131.10	-0.00	0.00
14300	0.015	20.858	0.015	4	14	63.153	1.033	1.260	-171.88	-1130.90	0.00	0.00
14400	0.034	24.839	0.034	4	12	74.028	1.031	1.260	-170.56	-1130.77	0.00	0.00
14500	0.016	14.161	0.016	4	14	62.029	0.870	0.964	-164.00	-1130.82	0.14	0.00
14600	0.038	30.032	0.038	4	14	61.986	0.682	0.550	-165.86	-1130.85	-0.04	0.00
14700	0.021	27.623	0.021	4	15	62.190	0.611	1.355	-170.28	-1130.98	0.00	-6.86
14800	0.020	13.530	0.020	4	16	41.973	1.106	1.767	-169.28	-1130.74	0.01	0.00
14900	0.012	11.378	0.012	4	15	24.964	1.106	1.767	-170.17	-1130.39	-0.09	0.00
15000	0.030	8.164	0.030	4	18	19.707	0.853	1.190	-167.89	-1130.54	0.00	-6.58
15100	0.025	6.215	0.025	4	19	19.807	0.853	0.838	-170.62	-1130.59	-0.07	0.00
15200	0.029	5.118	0.029	4	17	21.073	0.966	0.693	-170.72	-1130.46	0.00	-6.68
15300	0.010	1.682	0.010	4	19	20.879	1.011	0.693	-170.54	-1130.60	0.07	0.00
15400	0.009	3.395	0.009	4	19	20.131	1.034	1.138	-169.92	-1130.59	-0.07	0.00
15500	0.010	3.124	0.010	4	19	45.622	1.034	0.751	-171.53	-1131.10	0.00	0.69
15600	0.001	0.513	0.001	4	17	45.359	1.238	0.826	-172.40	-1130.88	-0.00	0.00
15700	0.002	0.571	0.002	4	23	47.070	1.238	0.826	-174.69	-1131.49	0.00	-9.23
15800	0.004	1.013	0.004	4	20	45.299	1.238	0.831	-169.27	-1131.18	-0.09	0.00
15900	0.003	0.597	0.003	4	19	34.195	1.573	0.844	-177.80	-1130.86	-0.00	0.00
16000	0.001	0.178	0.001	3	18	36.595	1.283	0.438	-172.54	-1129.06	0.00	0.00
16100	0.001	1.101	0.001	3	19	45.645	1.338	0.438	-175.51	-1129.35	0.00	-9.79
16200	0.002	0.296	0.002	3	14	46.723	1.338	0.438	-170.34	-1128.81	-0.01	0.00
16300	0.001	0.216	0.001	2	15	31.895	1.324	0.680	-170.51	-1127.23	-0.00	-0.69
16400	0.000	0.022	0.000	2	17	20.342	1.324	0.668	-175.23	-1127.21	0.00	0.00
16500	0.000	0.004	0.000	2	17	23.138	1.324	0.635	-176.75	-1127.26	0.08	0.00
16600	0.000	0.002	0.000	2	16	17.570	1.560	0.753	-175.45	-1127.08	0.00	0.00
16700	0.000	0.001	0.000	2	18	17.453	1.368	0.753	-173.31	-1127.23	-0.00	-0.69
16800	0.000	0.001	0.000	1	18	27.590	1.368	1.027	-172.72	-1126.36	-0.00	-0.69
16900	0.000	0.000	0.000	1	22	26.143	1.209	0.885	-175.88	-1126.64	-0.07	0.00
17000	0.000	0.000	0.000	0	17	23.182	1.425	1.143	-173.05	-1125.83	0.08	0.00
17100	0.000	0.000	0.000	0	19	33.053	1.425	1.143	-175.56	-1126.19	-0.00	0.00
17200	0.000	0.000	0.000	0	17	26.560	1.240	1.143	-169.51	-1125.89	0.01	-0.02
17300	0.000	0.000	0.000	0	16	19.559	1.410	1.143	-168.60	-1125.69	0.00	0.00
17400	0.000	0.000	0.000	0	17	19.668	1.316	1.143	-167.87	-1125.77	0.15	-0.35
17500	0.000	0.000	0.000	0	16	17.557	1.143	0.993	-166.12	-1125.65	0.01	0.00
17600	0.000	0.000	0.000	0	18	28.107	1.143	0.968	-167.97	-1126.01	0.00	-19.47
17700	0.000	0.000	0.000	0	17	28.621	1.143	1.020	-165.24	-1125.93	0.09	0.00
17800	0.000	0.000	0.000	0	22	19.973	1.244	1.003	-168.88	-1126.13	0.00	-21.47
17900	0.000	0.000	0.000	0	21	23.609	0.970	0.997	-169.92	-1126.14	-0.07	0.00
18000	0.000	0.000	0.000	0	21	19.793	1.270	0.823	-171.12	-1126.06	-0.00	0.00
18100	0.000	0.000	0.000	0	19	21.384	1.270	0.841	-168.55	-1125.95	0.08	0.00
18200	0.000	0.000	0.000	0	19	31.215	1.162	0.648	-168.88	-1126.15	0.08	0.00
18300	0.000	0.000	0.000	0	18	32.969	1.266	0.550	-169.15	-1126.10	0.00	-27.48
18400	0.000	0.000	0.000	0	22	17.725	1.210	0.797	-171.54	-1126.08	0.00	0.00
18500	0.000	0.000	0.000	0	25	22.034	0.937	0.797	-169.68	-1126.37	-0.00	0.00
18600	0.000	0.000	0.000	0	26	15.495	0.937	0.797	-169.84	-1126.26	0.00	0.00
18700	0.000	0.000	0.000	0	27	14.871	0.997	0.648	-172.45	-1126.29	0.19	-0.38
18800	0.000	0.000	0.000	0	27	20.386	0.965	0.648	-170.28	-1126.45	0.00	0.00
18900	0.000	0.000	0.000	0	26	18.686	1.012	0.492	-168.23	-1126.34	0.00	0.00
19000	0.000	0.000	0.000	0	25	15.232	0.905	0.492	-167.60	-1126.20	0.06	0.00
19100	0.000	0.000	0.000	0	24	13.647	1.281	0.492	-169.72	-1126.10	-0.00	0.00
19200	0.000	0.000	0.000	0	22	17.627	1.035	0.241	-166.39	-1126.08	-0.06	0.00
19300	0.000	0.000	0.000	0	22	21.440	1.035	0.241	-165.05	-1126.16	0.00	0.00
19400	0.000	0.000	0.000	0	20	18.093	1.229	0.323	-163.77	-1125.96	0.00	-37.10
19500	0.000	0.000	0.000	0	19	16.493	1.158	0.323	-165.84	-1125.86	-0.00	0.00
19600	0.000	0.000	0.000	0	17	27.170	1.158	0.781	-163.16	-1125.90	-0.08	0.00
19700	0.000	0.000	0.000	0	17	46.393	0.955	0.781	-165.51	-1126.25	-0.04	0.05
19800	0.000	0.000	0.000	0	19	27.460	0.955	0.825	-164.07	-1126.07	0.00	0.00
19900	0.000	0.000	0.000	0	19	27.158	0.955	0.687	-166.74	-1126.07	0.00	0.00
20000	0.000	0.000	0.000	0	18	27.897	1.062	0.687	-165.31	-1126.00	0.00	0.00
20100	0.000	0.000	0.000	0	21	35.926	1.065	0.680	-164.01	-1126.42	0.00	0.00
20200	0.000	0.000	0.000	0	22	33.345	1.026	0.680	-166.45	-1126.44	0.00	0.00
20300	0.000	0.000	0.000	0	24	18.471	1.086	0.565	-164.87	-1126.22	0.00	0.00
20400	0.000	0.000	0.000	0	22	14.949	0.866	0.593	-163.88	-1126.02	0.00	0.00
20500	0.000	0.000	0.000	0	22	16.834	0.848	0.679	-162.45	-1126.06	0.00	-42.52
20600	0.000	0.000	0.000	0	24	38.820	0.848	0.662	-168.42	-1126.73	0.00	-44.15
20700	0.000	0.000	0.000	0	25	40.726	0.942	0.540	-169.17	-1126.86	0.00	0.00
20800	0.000	0.000	0.000	0	23	39.086	0.942	0.378	-162.83	-1126.65	0.00	0.00
20900	0.000	0.000	0.000	0	22	30.690	0.903	0.705	-161.51	-1126.38	0.00	0.00
21000	0.000	0.000	0.000	0	23	24.434	0.899	0.300	-162.04	-1126.30	0.00	0.00
21100	0.000	0.000	0.000	0	25	19.475	0.895	0.597	-163.11	-1126.31	0.00	0.00
21200	0.000	0.000	0.000	0	23	29.039	0.954	0.523	-163.74	-1126.41	0.00	0.00
21300	0.000	0.000	0.000	0	22	21.789	0.954	0.258	-162.32	-1126.17	0.00	-58.90
21400	0.000	0.000	0.000	0	24	23.241	0.954	0.258	-167.22	-1126.34	-0.06	0.00
21500	0.000	0.000	0.000	0	24	19.024	0.954	0.272	-166.80	-1126.23	-0.00	0.00
21600	0.000	0.000	0.000	0	23	17.690	1.274	0.679	-170.68	-1126.14	0.00	0.00
21700	0.000	0.000	0.000	0	23	18.246	1.274	0.679	-171.98	-1126.15	0.00	0.00
21800	0.000	0.000	0.000	0	20	17.234	1.274	0.638	-177.87	-1125.94	0.00	-61.96
21900	0.000	0.000	0.000	0	19	20.617	1.274	0.600	-173.48	-1125.94	0.00	-61.87
22000	0.000	0.000	0.000	0	19	39.394	1.274	0.493	-172.57	-1126.31	0.00	0.00
22100	0.000	0.000	0.000	0	17	21.277	1.274	0.493	-169.05	-1125.80	-0.00	0.00
22200	0.000	0.000	0.000	0	18	33.758	1.054	0.785	-171.21	-1126.11	0.09	0.00
22300	0.000	0.000	0.000	0	19	29.791	1.335	0.785	-172.29	-1126.12	0.00	-63.89
22400	0.000	0.000	0.000	0	18	37.889	1.306	0.732	-172.03	-1126.19	0.00	0.00
22500	0.000	0.000	0.000	0	16	26.775	1.306	0.566	-171.93	-1125.81	0.00	0.00
22600	0.000	0.000	0.000	0	19	34.176	1.361	0.718	-175.60	-1126.21	0.09	0.00
22700	0.000	0.000	0.000	0	17	42.368	1.361	0.269	-172.89	-1126.18	0.10	0.00
22800	0.000	0.000	0.000	0	18	29.317	1.397	0.479	-171.50	-1126.03	0.00	-65.57
22900	0.000	0.000	0.000	0	18	39.543	1.055	0.361	-172.07	-1126.22	0.00	0.00
23000	0.000	0.000	0.000	0	16	43.645	1.397	0.441	-169.29	-1126.10	-0.00	0.00
23100	0.000	0.000	0.000	0	18	46.516	1.397	0.842	-171.87	-1126.35	-0.10	0.00
23200	0.000	0.000	0.000	0	17	35.528	1.271	0.842	-169.13	-1126.05	0.00	0.00
23300	0.000	0.000	0.000	0	16	27.161	1.216	1.046	-168.29	-1125.82	0.00	-66.57
23400	0.000	0.000	0.000	0	15	44.814	1.216	1.063	-171.29	-1126.01	0.00	-66.42
23500	0.000	0.000	0.000	0	14	65.627	1.475	1.063	-175.43	-1126.20	0.00	0.00
23600	0.000	0.000	0.000	0	15	70.862	1.266	1.275	-177.25	-1126.42	0.00	0.00
23700	0.000	0.000	0.000	0	13	45.270	1.617	1.037	-172.64	-1125.78	0.00	-69.69
23800	0.000	0.000	0.000	0	14	122.026	1.697	0.689	-177.84	-1127.05	0.00	0.00
23900	0.000	0.000	0.000	0	12	91.054	1.481	0.689	-174.28	-1126.25	0.00	-70.23
24000	0.000	0.000	0.000	0	13	74.945	1.481	0.936	-175.00	-1126.19	0.00	-71.24
24100	0.000	0.000	0.000	0	13	28.776	1.543	1.404	-175.31	-1125.55	0.00	0.00
24200	0.000	0.000	0.000	0	15	26.284	1.288	1.466	-178.31	-1125.71	0.00	0.00
24300	0.000	0.000	0.000	0	16	24.429	1.513	1.591	-178.56	-1125.77	0.09	0.00
24400	0.000	0.000	0.000	0	14	63.399	1.671	1.525	-175.25	-1126.17	-0.13	0.00
24500	0.000	0.000	0.000	0	15	60.108	1.534	1.377	-176.43	-1126.25	-0.12	0.00
24600	0.000	0.000	0.000	0	15	50.725	1.233	0.957	-174.38	-1126.10	-0.01	0.00
24700	0.000	0.000	0.000	0	18	55.402	1.233	0.957	-174.79	-1126.52	-0.10	0.09
24800	0.000	0.000	0.000	0	16	50.830	1.233	1.322	-172.28	-1126.22	0.00	0.00
24900	0.000	0.000	0.000	0	16	53.228	1.297	1.715	-177.10	-1126.26	-0.01	0.00
25000	0.000	0.000	0.000	0	15	37.788	1.570	1.601	-175.15	-1125.89	0.00	0.00
25100	0.000	0.000	0.000	0	15	28.236	1.570	1.070	-175.01	-1125.74	-0.00	0.44
25200	0.000	0.000	0.000	0	17	24.839	1.570	1.518	-180.11	-1125.86	0.00	0.00
25300	0.000	0.000	0.000	0	20	25.997	1.414	1.518	-180.94	-1126.12	0.00	-87.07
25400	0.000	0.000	0.000	0	16	24.642	1.414	1.518	-177.15	-1125.77	0.09	0.00
25500	0.000	0.000	0.000	0	17	31.768	1.414	1.518	-180.89	-1125.99	0.00	0.00
25600	0.000	0.000	0.000	0	15	15.698	1.473	1.421	-176.43	-1125.54	0.08	0.00
25700	0.000	0.000	0.000	0	14	41.926	1.477	1.421	-177.19	-1125.85	0.00	0.00
25800	0.000	0.000	0.000	0	13	50.106	1.477	1.182	-175.04	-1125.85	0.00	0.00
25900	0.000	0.000	0.000	0	11	77.235	1.508	1.679	-175.81	-1125.91	0.17	0.00
26000	0.000	0.000	0.000	0	14	46.923	1.508	1.037	-173.71	-1125.92	0.00	-94.57
26100	0.000	0.000	0.000	0	13	23.075	1.508	1.037	-177.73	-1125.47	0.10	0.00
26200	0.000	0.000	0.000	0	14	35.910	1.508	1.037	-176.37	-1125.76	0.00	-96.38
26300	0.000	0.000	0.000	0	12	69.866	1.422	1.481	-176.56	-1125.97	0.00	-98.02
26400	0.000	0.000	0.000	0	13	55.092	1.422	1.481	-178.89	-1125.92	0.00	-97.77
26500	0.000	0.000	0.000	0	14	22.597	1.510	1.481	-177.24	-1125.56	0.00	-100.14
26600	0.000	0.000	0.000	0	15	29.397	1.666	1.481	-181.41	-1125.76	0.00	0.00
26700	0.000	0.000	0.000	0	14	47.974	1.420	1.775	-177.97	-1125.94	0.00	0.00
26800	0.000	0.000	0.000	0	16	50.493	1.492	1.775	-180.17	-1126.21	-0.00	0.00
26900	0.000	0.000	0.000	0	16	49.133	1.492	1.169	-176.44	-1126.19	0.00	0.00
27000	0.000	0.000	0.000	0	17	76.775	1.320	1.169	-179.96	-1126.80	0.00	-107.91
27100	0.000	0.000	0.000	0	14	37.921	1.273	1.169	-170.95	-1125.79	0.00	-106.27
27200	0.000	0.000	0.000	0	16	39.959	1.479	1.169	-171.88	-1126.03	-0.00	0.00
27300	0.000	0.000	0.000	0	18	23.444	1.381	0.926	-172.06	-1125.92	0.08	0.00
27400	0.000	0.000	0.000	0	17	14.469	1.391	1.357	-173.82	-1125.67	0.00	0.00
27500	0.000	0.000	0.000	0	16	22.954	1.391	0.969	-173.26	-1125.74	0.09	0.00
27600	0.000	0.000	0.000	0	18	20.968	1.247	0.969	-175.56	-1125.87	0.08	0.00
27700	0.000	0.000	0.000	0	19	22.249	1.247	1.404	-170.97	-1125.97	0.00	0.00
27800	0.000	0.000	0.000	0	17	25.769	1.247	1.404	-167.86	-1125.88	0.09	0.00
27900	0.000	0.000	0.000	0	15	31.087	1.247	1.404	-167.83	-1125.79	0.00	0.00
28000	0.000	0.000	0.000	0	17	36.154	1.158	1.157	-171.77	-1126.06	0.00	0.00
28100	0.000	0.000	0.000	0	17	24.981	1.097	1.286	-172.53	-1125.86	0.18	-0.50
28200	0.000	0.000	0.000	0	20	38.286	1.215	1.248	-173.92	-1126.38	0.00	0.00
28300	0.000	0.000	0.000	0	19	51.354	1.215	1.290	-174.28	-1126.55	0.00	-115.37
28400	0.000	0.000	0.000	0	20	36.564	1.215	1.271	-172.21	-1126.34	-0.37	0.39
28500	0.000	0.000	0.000	0	18	30.300	1.215	1.092	-171.97	-1126.05	0.09	0.00
28600	0.000	0.000	0.000	0	18	51.348	1.215	1.447	-172.76	-1126.45	0.00	0.00
28700	0.000	0.000	0.000	0	16	33.707	1.287	1.377	-167.42	-1125.93	-0.09	0.00
28800	0.000	0.000	0.000	0	15	50.804	1.280	1.499	-167.28	-1126.10	0.12	0.00
28900	0.000	0.000	0.000	0	17	45.216	1.212	1.321	-169.06	-1126.23	-0.10	0.00
29000	0.000	0.000	0.000	0	14	45.883	1.404	1.159	-168.45	-1125.91	0.00	0.00
29100	0.000	0.000	0.000	0	16	42.137	1.404	1.370	-170.73	-1126.07	0.00	0.00
29200	0.000	0.000	0.000	0	16	54.103	1.469	1.221	-176.15	-1126.27	0.00	-0.07
29300	0.000	0.000	0.000	0	16	43.273	1.249	1.110	-170.87	-1126.09	0.00	-127.16
29400	0.000	0.000	0.000	0	15	36.530	1.632	1.236	-171.60	-1125.87	0.00	0.00
29500	0.000	0.000	0.000	0	17	21.392	1.655	1.562	-174.66	-1125.80	0.00	0.00
29600	0.000	0.000	0.000	0	15	26.826	1.730	1.494	-177.87	-1125.72	0.00	-128.42
29700	0.000	0.000	0.000	0	14	40.143	1.493	1.216	-177.28	-1125.82	0.00	-127.50
29800	0.000	0.000	0.000	0	16	27.285	1.493	1.411	-179.04	-1125.82	0.00	0.00
29900	0.000	0.000	0.000	0	17	23.468	1.275	1.411	-180.85	-1125.84	0.00	-132.72
30000	0.000	0.000	0.000	0	16	19.612	1.353	0.983	-176.11	-1125.69	-0.00	0.00
30100	0.000	0.000	0.000	0	17	32.332	1.353	0.983	-178.31	-1126.00	0.00	-134.27
30200	0.000	0.000	0.000	0	20	30.961	1.251	0.988	-182.10	-1126.23	0.00	0.00
30300	0.000	0.000	0.000	0	22	14.200	1.421	0.903	-186.17	-1126.00	0.00	0.00
30400	0.000	0.000	0.000	0	20	14.674	1.293	0.903	-181.86	-1125.88	0.00	0.00
30500	0.000	0.000	0.000	0	18	25.456	1.278	0.903	-170.52	-1125.95	-0.08	0.00
30600	0.000	0.000	0.000	0	18	18.866	1.345	0.311	-174.94	-1125.83	0.00	0.00
30700	0.000	0.000	0.000	0	17	30.319	1.265	0.331	-168.33	-1125.96	0.00	0.00
30800	0.000	0.000	0.000	0	17	56.753	1.391	0.592	-169.01	-1126.44	0.00	-141.06
30900	0.000	0.000	0.000	0	19	34.859	1.323	0.592	-167.26	-1126.22	0.09	0.00
31000	0.000	0.000	0.000	0	18	25.924	1.323	0.592	-173.24	-1125.96	0.00	-144.22
31100	0.000	0.000	0.000	0	22	16.703	1.260	0.666	-175.92	-1126.06	0.00	-143.16
31200	0.000	0.000	0.000	0	21	27.557	1.194	0.921	-167.42	-1126.23	0.00	0.00
31300	0.000	0.000	0.000	0	22	20.206	1.194	0.921	-168.26	-1126.14	-0.00	0.00
31400	0.000	0.000	0.000	0	22	16.497	1.022	0.921	-163.63	-1126.05	0.00	0.00
31500	0.000	0.000	0.000	0	26	24.398	1.127	0.921	-169.09	-1126.50	0.00	-143.29
31600	0.000	0.000	0.000	0	27	30.197	1.089	0.596	-171.33	-1126.72	0.07	0.00
31700	0.000	0.000	0.000	0	29	17.474	1.089	0.606	-172.50	-1126.47	-0.05	0.00
31800	0.000	0.000	0.000	0	30	13.575	0.860	0.641	-171.60	-1126.40	0.00	-143.02
31900	0.000	0.000	0.000	0	27	18.292	0.860	0.496	-163.71	-1126.39	0.00	-141.81
32000	0.000	0.000	0.000	0	26	24.124	0.892	0.815	-161.03	-1126.49	0.00	0.00
32100	0.000	0.000	0.000	0	25	27.644	0.860	0.815	-161.74	-1126.52	0.00	-148.18
32200	0.000	0.000	0.000	0	25	18.994	0.860	0.832	-158.15	-1126.29	0.06	0.00
32300	0.000	0.000	0.000	0	26	18.206	0.761	0.508	-161.81	-1126.33	0.00	0.00
32400	0.000	0.000	0.000	0	24	22.344	0.920	0.508	-160.48	-1126.32	0.00	0.00
32500	0.000	0.000	0.000	0	25	12.949	0.920	0.422	-160.39	-1126.14	0.00	-150.93
32600	0.000	0.000	0.000	0	26	9.890	0.787	0.422	-164.95	-1126.11	0.01	0.00
32700	0.000	0.000	0.000	0	26	16.583	0.787	0.538	-161.90	-1126.29	0.00	0.00
32800	0.000	0.000	0.000	0	27	16.785	0.980	0.616	-167.75	-1126.35	0.18	-0.33
32900	0.000	0.000	0.000	0	28	23.182	0.931	0.450	-164.53	-1126.59	0.00	0.00
33000	0.000	0.000	0.000	0	26	22.447	0.863	0.525	-161.08	-1126.44	0.00	0.00
33100	0.000	0.000	0.000	0	27	26.223	0.848	0.525	-160.60	-1126.61	0.00	-153.45
33200	0.000	0.000	0.000	0	26	29.650	0.848	0.885	-162.33	-1126.64	0.01	0.00
33300	0.000	0.000	0.000	0	26	15.073	0.848	0.592	-161.94	-1126.25	0.00	-155.31
33400	0.000	0.000	0.000	0	29	22.676	0.848	0.592	-165.26	-1126.63	0.00	0.00
33500	0.000	0.000	0.000	0	25	22.055	0.848	0.592	-168.66	-1126.37	0.00	0.00
33600	0.000	0.000	0.000	0	25	29.238	0.848	0.592	-162.85	-1126.56	0.00	0.00
33700	0.000	0.000	0.000	0	25	21.784	0.848	0.592	-162.87	-1126.37	0.00	0.00
33800	0.000	0.000	0.000	0	24	29.051	0.848	0.808	-166.70	-1126.49	0.00	0.00
33900	0.000	0.000	0.000	0	24	17.550	0.848	0.808	-167.55	-1126.20	0.00	0.00
34000	0.000	0.000	0.000	0	23	39.652	0.848	0.740	-164.76	-1126.67	-0.08	0.00
34100	0.000	0.000	0.000	0	23	18.748	0.848	0.818	-165.05	-1126.17	0.06	0.00
34200	0.000	0.000	0.000	0	25	18.648	1.135	0.818	-173.20	-1126.28	0.00	-162.20
34300	0.000	0.000	0.000	0	26	17.381	0.888	0.778	-174.95	-1126.31	0.00	0.00
34400	0.000	0.000	0.000	0	30	29.888	0.888	0.778	-175.65	-1126.91	0.06	0.00
34500	0.000	0.000	0.000	0	29	26.675	0.888	0.795	-177.64	-1126.75	0.00	0.00
34600	0.000	0.000	0.000	0	22	15.577	0.888	0.795	-173.39	-1126.03	0.06	0.00
34700	0.000	0.000	0.000	0	23	30.978	1.147	0.795	-170.39	-1126.46	0.00	-168.24
34800	0.000	0.000	0.000	0	22	17.310	1.447	0.636	-175.86	-1126.07	0.00	0.00
34900	0.000	0.000	0.000	0	20	37.840	1.261	0.742	-164.83	-1126.37	0.00	0.00
35000	0.000	0.000	0.000	0	20	35.256	1.261	0.742	-164.71	-1126.32	0.01	0.00
35100	0.000	0.000	0.000	0	21	36.159	1.261	1.209	-169.79	-1126.42	0.00	0.00
35200	0.000	0.000	0.000	0	18	30.203	1.475	1.209	-171.94	-1126.04	0.00	0.00
35300	0.000	0.000	0.000	0	19	18.612	1.332	1.417	-172.26	-1125.90	-0.07	0.00
35400	0.000	0.000	0.000	0	20	22.006	1.332	1.202	-169.89	-1126.04	0.00	-176.39
35500	0.000	0.000	0.000	0	18	28.111	1.172	1.274	-171.58	-1126.01	0.00	-176.76
35600	0.000	0.000	0.000	0	17	29.834	1.314	0.764	-172.40	-1125.95	0.01	0.00
35700	0.000	0.000	0.000	0	19	18.866	1.347	0.838	-175.46	-1125.90	0.23	-0.47
35800	0.000	0.000	0.000	0	18	41.357	1.345	0.838	-169.70	-1126.26	0.00	0.00
35900	0.000	0.000	0.000	0	18	26.972	1.208	0.838	-168.06	-1125.98	0.00	0.00
36000	0.000	0.000	0.000	0	18	30.519	1.176	1.115	-169.26	-1126.05	0.09	0.00
36100	0.000	0.000	0.000	0	17	34.463	1.370	1.115	-171.10	-1126.03	0.00	0.00
36200	0.000	0.000	0.000	0	16	38.330	1.370	1.263	-173.60	-1126.00	0.00	0.00
36300	0.000	0.000	0.000	0	17	32.101	1.370	1.323	-174.97	-1125.99	0.00	-179.60
36400	0.000	0.000	0.000	0	16	58.713	1.402	1.271	-170.04	-1126.35	0.00	0.00
36500	0.000	0.000	0.000	0	15	42.064	1.402	1.255	-167.34	-1125.96	-0.11	0.00
36600	0.000	0.000	0.000	0	16	24.006	1.235	0.900	-171.94	-1125.76	0.01	-0.03
36700	0.000	0.000	0.000	0	14	51.326	1.444	1.439	-176.01	-1125.99	0.00	0.00
36800	0.000	0.000	0.000	0	11	42.298	1.614	1.607	-175.80	-1125.49	0.00	0.00
36900	0.000	0.000	0.000	0	11	48.661	1.614	1.518	-178.27	-1125.56	0.00	-0.42
37000	0.000	0.000	0.000	0	12	65.280	1.716	1.290	-182.27	-1125.91	-0.29	0.42
37100	0.000	0.000	0.000	0	11	48.479	1.716	1.534	-177.73	-1125.56	0.00	0.00
37200	0.000	0.000	0.000	0	13	47.286	1.573	1.418	-180.77	-1125.81	0.00	0.00
37300	0.000	0.000	0.000	0	12	31.364	1.627	1.418	-178.81	-1125.47	0.00	-184.19
37400	0.000	0.000	0.000	0	12	29.793	1.686	1.418	-180.37	-1125.45	0.00	-185.59
37500	0.000	0.000	0.000	0	13	56.501	1.595	1.357	-179.99	-1125.94	0.00	0.00
37600	0.000	0.000	0.000	0	15	44.812	1.556	1.357	-180.22	-1126.01	0.00	0.00
37700	0.000	0.000	0.000	0	16	40.423	1.556	1.357	-175.82	-1126.04	0.00	-189.47
37800	0.000	0.000	0.000	0	16	42.779	1.363	1.281	-173.02	-1126.08	0.00	0.00
37900	0.000	0.000	0.000	0	16	51.241	1.662	1.831	-180.04	-1126.22	0.00	0.00
38000	0.000	0.000	0.000	0	18	31.925	1.662	1.831	-179.82	-1126.08	0.09	0.00
38100	0.000	0.000	0.000	0	19	24.039	1.653	1.831	-182.83	-1126.01	0.00	-195.71
38200	0.000	0.000	0.000	0	18	29.658	1.653	1.307	-179.52	-1126.03	0.00	0.00
38300	0.000	0.000	0.000	0	18	56.113	1.424	1.307	-181.13	-1126.54	0.00	-0.44
38400	0.000	0.000	0.000	0	17	30.080	1.344	1.307	-176.49	-1125.96	0.00	-193.91
38500	0.000	0.000	0.000	0	15	27.661	1.337	1.307	-172.34	-1125.73	0.00	-194.82
38600	0.000	0.000	0.000	0	17	16.455	1.141	1.307	-175.00	-1125.71	0.08	0.00
38700	0.000	0.000	0.000	0	18	33.633	1.391	1.166	-175.62	-1126.11	0.09	0.00
38800	0.000	0.000	0.000	0	16	21.409	1.394	1.045	-172.20	-1125.72	-0.01	0.00
38900	0.000	0.000	0.000	0	17	28.501	1.692	0.875	-176.02	-1125.93	0.00	0.00
39000	0.000	0.000	0.000	0	18	19.011	1.610	0.897	-180.19	-1125.83	0.00	0.00
39100	0.000	0.000	0.000	0	18	14.161	1.610	1.435	-183.20	-1125.74	0.00	0.00
39200	0.000	0.000	0.000	0	14	23.832	1.670	1.318	-179.38	-1125.58	-0.09	0.00
39300	0.000	0.000	0.000	0	17	78.629	1.577	1.291	-186.85	-1126.83	0.00	-205.96
39400	0.000	0.000	0.000	0	14	49.216	1.639	1.613	-183.52	-1125.96	0.00	0.00
39500	0.000	0.000	0.000	0	13	50.171	1.639	1.637	-177.89	-1125.85	0.00	-208.15
39600	0.000	0.000	0.000	0	12	51.369	1.639	1.708	-177.91	-1125.73	0.00	-210.43
39700	0.000	0.000	0.000	0	14	46.455	1.639	1.403	-177.21	-1125.92	0.12	0.00
39800	0.000	0.000	0.000	0	14	119.833	1.637	1.388	-180.51	-1127.02	-0.01	0.00
39900	0.000	0.000	0.000	0	14	43.017	1.637	1.410	-177.35	-1125.87	0.12	0.00
40000	0.000	0.000	0.000	0	11	100.404	1.480	1.543	-179.44	-1126.18	0.00	0.00
40100	0.000	0.000	0.000	0	12	60.161	1.680	1.543	-180.06	-1125.85	-0.14	0.00
40200	0.000	0.000	0.000	0	13	60.461	1.634	1.646	-180.90	-1125.99	-0.13	0.00
40300	0.000	0.000	0.000	0	13	24.690	1.525	1.646	-177.79	-1125.49	-0.00	0.30
40400	0.000	0.000	0.000	0	16	46.014	1.525	1.663	-175.42	-1126.14	0.00	0.00
40500	0.000	0.000	0.000	0	18	24.718	1.525	1.587	-177.57	-1125.94	0.00	-224.76
40600	0.000	0.000	0.000	0	21	30.113	1.427	1.421	-181.96	-1126.29	0.00	0.00
40700	0.000	0.000	0.000	0	17	23.446	1.341	1.421	-175.81	-1125.84	0.08	0.00
40800	0.000	0.000	0.000	0	17	47.937	1.341	1.398	-175.25	-1126.28	0.31	-0.30
40900	0.000	0.000	0.000	0	18	24.269	1.397	1.398	-173.56	-1125.93	0.00	-228.10
41000	0.000	0.000	0.000	0	18	22.508	1.397	0.816	-174.59	-1125.90	0.00	-228.92
41100	0.000	0.000	0.000	0	18	27.188	1.308	0.877	-172.59	-1125.99	-0.00	0.00
41200	0.000	0.000	0.000	0	16	31.373	1.308	0.899	-169.63	-1125.89	0.00	-231.83
41300	0.000	0.000	0.000	0	18	29.413	1.062	0.899	-166.69	-1126.03	0.00	-234.54
41400	0.000	0.000	0.000	0	17	37.811	1.046	0.741	-164.91	-1126.09	0.00	0.00
41500	0.000	0.000	0.000	0	21	14.853	1.283	0.329	-176.65	-1125.95	-0.00	0.00
41600	0.000	0.000	0.000	0	21	18.782	1.166	0.329	-172.48	-1126.04	0.00	-0.16
41700	0.000	0.000	0.000	0	22	12.828	1.236	0.439	-173.48	-1125.97	0.00	0.00
41800	0.000	0.000	0.000	0	22	24.483	1.070	0.352	-166.90	-1126.23	-0.00	0.00
41900	0.000	0.000	0.000	0	22	33.874	0.985	0.588	-166.57	-1126.45	0.00	-0.35
42000	0.000	0.000	0.000	0	22	29.533	0.985	0.876	-167.71	-1126.35	0.00	0.00
42100	0.000	0.000	0.000	0	21	25.404	1.002	0.813	-167.50	-1126.18	0.07	0.00
42200	0.000	0.000	0.000	0	19	34.105	1.091	0.468	-167.11	-1126.21	-0.36	0.42
42300	0.000	0.000	0.000	0	20	24.142	1.149	0.728	-167.68	-1126.08	0.00	0.00
42400	0.000	0.000	0.000	0	18	24.321	0.985	0.691	-164.42	-1125.93	0.08	0.00
42500	0.000	0.000	0.000	0	20	26.839	0.985	0.691	-165.13	-1126.14	0.00	0.00
42600	0.000	0.000	0.000	0	21	23.316	1.042	0.465	-166.62	-1126.14	0.00	0.00
42700	0.000	0.000	0.000	0	22	41.413	1.250	0.465	-172.58	-1126.62	0.00	0.00
42800	0.000	0.000	0.000	0	22	18.626	1.057	0.687	-170.62	-1126.10	-0.06	0.00
42900	0.000	0.000	0.000	0	22	31.074	1.057	0.965	-174.37	-1126.39	-0.21	0.26
43000	0.000	0.000	0.000	0	20	28.145	1.041	0.965	-170.74	-1126.17	-0.00	0.00
43100	0.000	0.000	0.000	0	19	19.796	1.061	0.942	-167.35	-1125.92	0.00	0.00
43200	0.000	0.000	0.000	0	20	23.630	1.192	0.942	-166.74	-1126.07	-0.07	0.16
43300	0.000	0.000	0.000	0	20	41.201	1.102	0.942	-169.19	-1126.44	0.00	0.00
43400	0.000	0.000	0.000	0	22	19.363	1.012	0.867	-168.81	-1126.12	0.01	0.00
43500	0.000	0.000	0.000	0	21	26.430	1.012	0.619	-167.26	-1126.21	-0.01	0.00
43600	0.000	0.000	0.000	0	21	29.287	1.096	0.862	-161.54	-1126.27	0.00	-251.02
43700	0.000	0.000	0.000	0	21	22.007	1.057	0.743	-163.78	-1126.11	0.00	-252.73
43800	0.000	0.000	0.000	0	22	26.248	1.081	0.812	-165.11	-1126.28	-0.01	0.00
43900	0.000	0.000	0.000	0	21	24.642	1.014	0.853	-164.79	-1126.17	-0.01	0.00
44000	0.000	0.000	0.000	0	22	54.199	1.014	0.853	-163.01	-1126.92	0.00	-251.01
44100	0.000	0.000	0.000	0	21	25.245	1.014	0.853	-162.71	-1126.18	0.00	0.00
44200	0.000	0.000	0.000	0	23	21.377	0.855	0.853	-164.80	-1126.23	0.07	0.00
44300	0.000	0.000	0.000	0	21	27.065	0.855	0.937	-161.78	-1126.22	-0.10	0.18
44400	0.000	0.000	0.000	0	23	47.628	1.010	0.924	-160.44	-1126.86	0.00	0.00
44500	0.000	0.000	0.000	0	22	22.736	0.955	1.084	-158.16	-1126.19	0.07	0.00
44600	0.000	0.000	0.000	0	21	20.425	0.955	1.052	-162.06	-1126.07	0.07	0.00
44700	0.000	0.000	0.000	0	22	17.741	1.036	1.052	-166.73	-1126.08	0.00	0.00
44800	0.000	0.000	0.000	0	20	31.854	1.271	1.052	-166.28	-1126.25	0.00	0.00
44900	0.000	0.000	0.000	0	17	29.515	1.271	1.052	-162.58	-1125.95	0.00	0.00
45000	0.000	0.000	0.000	0	18	21.062	1.084	1.103	-162.13	-1125.87	0.00	-260.03
45100	0.000	0.000	0.000	0	18	17.053	1.158	0.684	-164.60	-1125.80	0.06	-0.20
45200	0.000	0.000	0.000	0	20	19.261	1.147	0.547	-165.69	-1125.98	0.00	-263.38
45300	0.000	0.000	0.000	0	21	52.629	0.966	0.707	-164.82	-1126.78	-0.10	0.00
45400	0.000	0.000	0.000	0	23	34.024	1.133	0.707	-165.29	-1126.53	0.00	0.00
45500	0.000	0.000	0.000	0	23	25.525	0.858	0.897	-164.39	-1126.33	0.00	0.00
45600	0.000	0.000	0.000	0	25	17.328	0.982	0.897	-166.26	-1126.25	0.00	-267.20
45700	0.000	0.000	0.000	0	21	11.029	0.922	0.897	-167.46	-1125.87	0.00	0.00
45800	0.000	0.000	0.000	0	23	27.465	1.241	0.518	-173.40	-1126.38	0.00	-268.72
45900	0.000	0.000	0.000	0	21	21.997	1.242	0.522	-166.88	-1126.11	0.00	0.00
46000	0.000	0.000	0.000	0	23	25.260	0.912	0.712	-169.04	-1126.32	-0.07	0.00
46100	0.000	0.000	0.000	0	26	19.300	1.207	0.953	-174.10	-1126.36	-0.06	0.00
46200	0.000	0.000	0.000	0	25	19.517	1.051	0.982	-173.01	-1126.31	0.00	0.00
46300	0.000	0.000	0.000	0	29	16.429	0.866	0.617	-168.63	-1126.44	0.00	0.00
46400	0.000	0.000	0.000	0	28	19.557	0.866	0.510	-169.74	-1126.48	0.00	0.00
46500	0.000	0.000	0.000	0	27	29.244	0.986	0.232	-167.16	-1126.70	0.00	0.00
46600	0.000	0.000	0.000	0	24	39.139	0.831	0.335	-162.28	-1126.74	0.00	0.00
46700	0.000	0.000	0.000	0	24	25.552	0.893	0.556	-160.52	-1126.40	-0.07	0.00
46800	0.000	0.000	0.000	0	22	21.136	0.894	0.708	-158.65	-1126.16	0.00	0.00
46900	0.000	0.000	0.000	0	25	26.547	0.978	0.627	-162.42	-1126.49	-0.00	0.19
47000	0.000	0.000	0.000	0	23	20.416	1.007	0.825	-158.34	-1126.21	-0.01	0.00
47100	0.000	0.000	0.000	0	22	26.432	1.007	0.328	-158.10	-1126.28	0.00	0.00
47200	0.000	0.000	0.000	0	24	16.301	0.961	0.774	-165.28	-1126.17	0.00	0.00
47300	0.000	0.000	0.000	0	24	17.683	0.892	0.381	-161.67	-1126.20	-0.06	0.00
47400	0.000	0.000	0.000	0	23	24.790	0.892	0.291	-163.75	-1126.31	0.00	0.00
47500	0.000	0.000	0.000	0	24	23.135	0.941	0.679	-164.15	-1126.34	0.00	0.00
47600	0.000	0.000	0.000	0	25	12.307	1.008	0.494	-163.12	-1126.12	0.00	0.00
47700	0.000	0.000	0.000	0	24	25.436	0.964	0.410	-162.08	-1126.39	0.07	0.00
47800	0.000	0.000	0.000	0	24	31.580	0.964	0.410	-166.43	-1126.55	-0.07	0.00
47900	0.000	0.000	0.000	0	25	41.757	0.964	0.410	-169.49	-1126.89	-0.01	0.00
48000	0.000	0.000	0.000	0	27	25.213	0.964	0.410	-166.35	-1126.58	0.00	0.00
48100	0.000	0.000	0.000	0	24	21.909	0.921	0.347	-162.75	-1126.31	0.00	-284.84
48200	0.000	0.000	0.000	0	26	22.139	0.848	0.485	-168.72	-1126.44	0.00	-286.65
48300	0.000	0.000	0.000	0	23	20.351	0.848	0.617	-161.83	-1126.20	0.06	0.00
48400	0.000	0.000	0.000	0	23	10.022	0.848	0.548	-166.39	-1125.96	0.05	0.00
48500	0.000	0.000	0.000	0	24	12.772	0.975	0.601	-163.62	-1126.08	0.00	-287.00
48600	0.000	0.000	0.000	0	24	20.021	0.975	0.714	-164.03	-1126.26	0.06	0.00
48700	0.000	0.000	0.000	0	24	18.657	0.985	0.407	-163.04	-1126.23	0.00	-289.12
48800	0.000	0.000	0.000	0	27	15.587	0.908	0.274	-170.31	-1126.31	0.00	-290.39
48900	0.000	0.000	0.000	0	28	22.126	0.908	0.289	-164.57	-1126.55	0.00	0.00
49000	0.000	0.000	0.000	0	31	17.635	0.908	0.799	-166.91	-1126.58	0.00	0.00
49100	0.000	0.000	0.000	0	32	20.083	1.099	0.973	-174.89	-1126.71	-0.05	0.00
49200	0.000	0.000	0.000	0	29	13.261	0.894	1.005	-173.31	-1126.35	0.13	-0.41
49300	0.000	0.000	0.000	0	29	12.126	0.894	0.883	-173.18	-1126.31	0.00	0.00
49400	0.000	0.000	0.000	0	26	18.585	1.142	0.552	-174.21	-1126.34	-0.01	0.00
49500	0.000	0.000	0.000	0	28	32.074	1.205	0.552	-175.00	-1126.84	0.00	0.00
49600	0.000	0.000	0.000	0	27	15.854	0.816	0.706	-163.96	-1126.32	0.00	0.00
49700	0.000	0.000	0.000	0	26	15.840	0.871	0.706	-167.96	-1126.27	-0.01	0.00
49800	0.000	0.000	0.000	0	26	17.599	0.871	0.785	-164.38	-1126.31	0.00	-301.86
49900	0.000	0.000	0.000	0	28	18.639	0.920	0.663	-165.80	-1126.45	-0.00	0.00
50000	0.000	0.000	0.000	0	25	25.623	0.920	1.020	-166.64	-1126.47	0.00	0.00
